{"level":"info","message":"error outside pipeline"}
{"level":"info","message":"error outside pipeline"}
{"level":"info","message":"error outside pipeline"}
{"level":"info","message":"error outside pipeline"}
{"level":"info","message":"error outside pipeline"}
{"level":"info","message":"error outside pipeline"}
{"message":"unhandled rejection","level":"error"}
{"level":"info","message":"error outside pipeline"}
{"message":"unhandled rejection","level":"error"}
{"level":"info","message":"connected successfully"}
{"level":"info","message":"connected successfully"}
{"level":"info","message":"connected successfully"}
{"level":"info","message":"connected successfully"}
{"level":"info","message":"connected successfully"}
{"level":"info","message":"connected successfully"}
{"level":"info","message":"connected successfully"}
{"level":"info","message":"connected successfully"}
{"level":"info","message":"Listening on port 3000..."}
{"level":"info","message":"connected successfully"}
{"level":"info","message":"Listening on port 3000..."}
{"level":"info","message":"connected successfully"}
{"level":"info","message":"connected successfully"}
{"level":"info","message":"connected successfully"}
{"level":"info","message":"connected successfully"}
{"level":"info","message":"connected successfully"}
{"level":"info","message":"connected successfully"}
{"level":"info","message":"connected to mongodb://localhost/saleManagement_test successfully"}
{"level":"info","message":"connected to mongodb://localhost/saleManagement_test successfully"}
{"level":"info","message":"connected to mongodb://localhost/saleManagement_test successfully"}
{"level":"info","message":"connected to mongodb://localhost/saleManagement_test successfully"}
{"level":"info","message":"connected to mongodb://localhost/saleManagement_test successfully"}
{"level":"info","message":"connected to mongodb://localhost/saleManagement_test successfully"}
{"level":"info","message":"connected to mongodb://localhost/saleManagement_test successfully"}
{"level":"info","message":"connected to mongodb://localhost/saleManagement_test successfully"}
{"level":"info","message":"connected to mongodb://localhost/saleManagement_test successfully"}
{"level":"info","message":"connected to mongodb://localhost/saleManagement_test successfully"}
{"level":"info","message":"connected to mongodb://localhost/saleManagement_test successfully"}
{"level":"info","message":"connected to mongodb://localhost/saleManagement_test successfully"}
{"level":"info","message":"connected to mongodb://localhost/saleManagement_test successfully"}
{"level":"info","message":"connected to mongodb://localhost/saleManagement_test successfully"}
{"level":"info","message":"connected to mongodb://localhost/saleManagement_test successfully"}
{"level":"info","message":"connected to mongodb://localhost/saleManagement_test successfully"}
{"level":"info","message":"connected to mongodb://localhost/saleManagement_test successfully"}
{"level":"info","message":"connected to mongodb://localhost/saleManagement_test successfully"}
{"level":"info","message":"connected to mongodb://localhost/saleManagement_test successfully"}
{"level":"info","message":"connected to mongodb://localhost/saleManagement_test successfully"}
{"level":"info","message":"connected to mongodb://localhost/saleManagement_test successfully"}
{"level":"info","message":"connected to mongodb://localhost/saleManagement_test successfully"}
{"level":"info","message":"connected to mongodb://localhost/saleManagement_test successfully"}
{"level":"info","message":"connected to mongodb://localhost/saleManagement_test successfully"}
{"level":"info","message":"connected to mongodb://localhost/saleManagement_test successfully"}
{"level":"info","message":"connected to mongodb://localhost/saleManagement_test successfully"}
{"level":"info","message":"connected to mongodb://localhost/saleManagement_test successfully"}
{"level":"info","message":"connected to mongodb://localhost/saleManagement_test successfully"}
{"level":"info","message":"connected to mongodb://localhost/saleManagement_test successfully"}
{"level":"info","message":"connected to mongodb://localhost/saleManagement_test successfully"}
{"level":"info","message":"connected to mongodb://localhost/saleManagement_test successfully"}
{"level":"info","message":"connected to mongodb://localhost/saleManagement_test successfully"}
{"level":"info","message":"connected to mongodb://localhost/saleManagement_test successfully"}
{"level":"info","message":"connected to mongodb://localhost/saleManagement_test successfully"}
{"level":"info","message":"connected to mongodb://localhost/saleManagement_test successfully"}
{"level":"info","message":"connected to mongodb://localhost/saleManagement_test successfully"}
{"level":"info","message":"connected to mongodb://localhost/saleManagement_test successfully"}
{"level":"info","message":"connected to mongodb://localhost/saleManagement_test successfully"}
{"level":"info","message":"connected to mongodb://localhost/saleManagement_test successfully"}
{"level":"info","message":"connected to mongodb://localhost/saleManagement_test successfully"}
{"level":"info","message":"connected to mongodb://localhost/saleManagement_test successfully"}
{"level":"info","message":"connected to mongodb://localhost/saleManagement_test successfully"}
{"level":"info","message":"connected to mongodb://localhost/saleManagement_test successfully"}
{"level":"info","message":"connected to mongodb://localhost/saleManagement_test successfully"}
{"level":"info","message":"connected to mongodb://localhost/saleManagement_test successfully"}
{"level":"info","message":"connected to mongodb://localhost/saleManagement_test successfully"}
{"level":"info","message":"connected to mongodb://localhost/saleManagement_test successfully"}
{"level":"info","message":"connected to mongodb://localhost/saleManagement successfully"}
{"level":"info","message":"connected to mongodb://localhost/saleManagement_test successfully"}
{"level":"info","message":"connected to mongodb://localhost/saleManagement_test successfully"}
{"level":"info","message":"connected to mongodb://localhost/saleManagement successfully"}
{"level":"info","message":"connected to mongodb://localhost/saleManagement successfully"}
{"level":"info","message":"connected to mongodb://localhost/saleManagement_test successfully"}
{"level":"info","message":"connected to mongodb://localhost/saleManagement_test successfully"}
{"level":"info","message":"connected to mongodb://localhost/saleManagement successfully"}
{"level":"info","message":"connected to mongodb://localhost/saleManagement_test successfully"}
{"level":"info","message":"connected to mongodb://localhost/saleManagement_test successfully"}
{"level":"info","message":"connected to mongodb://localhost/saleManagement successfully"}
{"level":"info","message":"connected to mongodb://localhost/saleManagement_test successfully"}
{"level":"info","message":"connected to mongodb://localhost/saleManagement_test successfully"}
{"level":"info","message":"connected to mongodb://localhost/saleManagement_test successfully"}
{"level":"info","message":"connected to mongodb://localhost/saleManagement_test successfully"}
{"level":"info","message":"connected to mongodb://localhost/saleManagement successfully"}
{"level":"info","message":"connected to mongodb://localhost/saleManagement_test successfully"}  
{"chris":"handsome boy","level":"error","message":"unsupported charset \"UTF-8\""}
{"lily":"pretty girl","level":"info","message":"unsupported charset \"UTF-8\""}
{"level":"info","message":"connected to mongodb://localhost/saleManagement_test successfully"}
{"level":"info","message":"connected to mongodb://localhost/saleManagement_test successfully"}
{"level":"info","message":"connected to mongodb://localhost/saleManagement_test successfully"}
{"chris":"handsome boy","level":"error","message":"unsupported charset \"UTF-8\""}
{"lily":"pretty girl","level":"info","message":"unsupported charset \"UTF-8\""}
{"level":"info","message":"connected to mongodb://localhost/saleManagement_test successfully"}
{"level":"info","message":"connected to mongodb://localhost/saleManagement_test successfully"}
{"level":"info","message":"connected to mongodb://localhost/saleManagement_test successfully"}
{"level":"info","message":"connected to mongodb://localhost/saleManagement_test successfully"}
{"level":"info","message":"connected to mongodb://localhost/saleManagement_test successfully"}
{"level":"info","message":"connected to mongodb://localhost/saleManagement_test successfully"}
{"chris":"handsome boy","level":"error","message":"unsupported charset \"UTF-8\""}
{"lily":"pretty girl","level":"info","message":"unsupported charset \"UTF-8\""}
{"level":"info","message":"connected to mongodb://localhost/saleManagement_test successfully"}
{"level":"info","message":"connected to mongodb://localhost/saleManagement_test successfully"}
{"level":"info","message":"connected to mongodb://localhost/saleManagement_test successfully"}
{"level":"info","message":"connected to mongodb://localhost/saleManagement_test successfully"}
{"level":"info","message":"connected to mongodb://localhost/saleManagement_test successfully"}
{"level":"info","message":"connected to mongodb://localhost/saleManagement_test successfully"}
{"chris":"handsome boy","level":"error","message":"unsupported charset \"UTF-8\""}
{"lily":"pretty girl","level":"info","message":"unsupported charset \"UTF-8\""}
{"level":"info","message":"connected to mongodb://localhost/saleManagement_test successfully"}
{"level":"info","message":"connected to mongodb://localhost/saleManagement_test successfully"}
{"level":"info","message":"connected to mongodb://localhost/saleManagement_test successfully"}
{"level":"info","message":"connected to mongodb://localhost/saleManagement_test successfully"}
{"level":"info","message":"connected to mongodb://localhost/saleManagement_test successfully"}
{"level":"info","message":"connected to mongodb://localhost/saleManagement_test successfully"}
{"level":"info","message":"connected to mongodb://localhost/saleManagement_test successfully"}
{"level":"info","message":"connected to mongodb://localhost/saleManagement_test successfully"}
{"level":"info","message":"connected to mongodb://localhost/saleManagement_test successfully"}
{"level":"info","message":"connected to mongodb://localhost/saleManagement_test successfully"}
{"chris":"handsome boy","level":"error","message":"unsupported charset \"UTF-8\""}
{"lily":"pretty girl","level":"info","message":"unsupported charset \"UTF-8\""}
{"level":"info","message":"connected to mongodb://localhost/saleManagement_test successfully"}
{"level":"info","message":"connected to mongodb://localhost/saleManagement_test successfully"}
{"level":"info","message":"connected to mongodb://localhost/saleManagement_test successfully"}
{"level":"info","message":"connected to mongodb://localhost/saleManagement_test successfully"}
{"level":"info","message":"connected to mongodb://localhost/saleManagement_test successfully"}
{"level":"info","message":"connected to mongodb://localhost/saleManagement_test successfully"}
{"level":"info","message":"connected to mongodb://localhost/saleManagement_test successfully"}
{"level":"info","message":"connected to mongodb://localhost/saleManagement_test successfully"}
{"level":"info","message":"connected to mongodb://localhost/saleManagement_test successfully"}
{"level":"info","message":"connected to mongodb://localhost/saleManagement_test successfully"}
{"level":"info","message":"connected to mongodb://localhost/saleManagement_test successfully"}
{"level":"info","message":"connected to mongodb://localhost/saleManagement_test successfully"}
{"level":"info","message":"connected to mongodb://localhost/saleManagement_test successfully"}
{"level":"info","message":"connected to mongodb://localhost/saleManagement_test successfully"}
{"level":"info","message":"connected to mongodb://localhost/saleManagement_test successfully"}
{"level":"info","message":"connected to mongodb://localhost/saleManagement_test successfully"}
{"level":"info","message":"connected to mongodb://localhost/saleManagement_test successfully"}
{"level":"info","message":"connected to mongodb://localhost/saleManagement_test successfully"}
{"level":"info","message":"connected to mongodb://localhost/saleManagement_test successfully"}
{"level":"info","message":"connected to mongodb://localhost/saleManagement successfully"}
{"level":"info","message":"connected to mongodb://localhost/saleManagement successfully"}
{"level":"info","message":"connected to mongodb://localhost/saleManagement successfully"}
{"level":"info","message":"connected to mongodb://localhost/saleManagement successfully"}
{"level":"info","message":"connected to mongodb://localhost/saleManagement successfully"}
{"level":"info","message":"connected to mongodb://localhost/saleManagement successfully"}
{"level":"info","message":"connected to mongodb://localhost/saleManagement successfully"}
{"level":"info","message":"connected to mongodb://localhost/saleManagement successfully"}
{"level":"info","message":"connected to mongodb://localhost/saleManagement successfully"}
{"level":"info","message":"connected to mongodb://localhost/saleManagement successfully"}
{"level":"info","message":"connected to mongodb://localhost/saleManagement successfully"}
{"level":"info","message":"connected to mongodb://localhost/saleManagement successfully"}
{"level":"info","message":"connected to mongodb://localhost/saleManagement successfully"}
{"level":"info","message":"connected to mongodb://localhost/saleManagement successfully"}
{"level":"info","message":"connected to mongodb://localhost/saleManagement successfully"}
{"level":"info","message":"connected to mongodb://localhost/saleManagement successfully"}
{"level":"info","message":"connected to mongodb://localhost/saleManagement successfully"}
{"level":"info","message":"connected to mongodb://localhost/saleManagement successfully"}
{"level":"info","message":"connected to mongodb://localhost/saleManagement successfully"}
{"level":"info","message":"connected to mongodb://localhost/saleManagement successfully"}
{"level":"info","message":"connected to mongodb://localhost/saleManagement successfully"}
{"level":"info","message":"connected to mongodb://localhost/saleManagement successfully"}
{"level":"info","message":"connected to mongodb://localhost/saleManagement successfully"}
{"level":"info","message":"connected to mongodb://localhost/saleManagement successfully"}
{"level":"info","message":"connected to mongodb://localhost/saleManagement successfully"}
{"level":"info","message":"connected to mongodb://localhost/saleManagement successfully"}
{"level":"info","message":"connected to mongodb://localhost/saleManagement successfully"}
{"level":"info","message":"connected to mongodb://localhost/saleManagement successfully"}
{"level":"info","message":"connected to mongodb://localhost/saleManagement successfully"}
{"level":"info","message":"connected to mongodb://localhost/saleManagement successfully"}
